IQ-TREE multicore version 2.2.8.mix COVID-edition for Linux 64-bit built Feb  3 2024
Developed by Bui Quang Minh, James Barbetti, Nguyen Lam Tung,
Olga Chernomor, Heiko Schmidt, Dominik Schrempf, Michael Woodhams, Ly Trong Nhan.

Host:    dayhoff.uds.anu.edu.au (AVX2, FMA3, 1007 GB RAM)
Command: /mnt/data/dayhoff/home/u7151703/software/iqtree-2.2.8.mix-Linux/bin/iqtree2 --alisim f816_t10_rep1_sim -m MIX{GTR{1/1/1/1/1}+F{0.3037513583913575/0.1663393600397132/0.2581735729921369/0.2717357085767924}:1:0.1483714024097342,GTR{1/1/1/1/1}+F{0.4100885894687257/0.306525804112917/0.1706838754183724/0.1127017309999849}:1:0.06423966836819672,GTR{1/1/1/1/1}+F{0.245166649193673/0.02005448860699421/0.5473604887877542/0.1874183734115785}:1:0.1992993810157482,GTR{1/1/1/1/1}+F{0.4158721009442904/0.08242928107710956/0.2294577528646511/0.272240865113949}:1:0.2971244294367977,GTR{1/1/1/1/1}+F{0.3095292116987097/0.3945305704057721/0.259189865647916/0.03675035224760215}:1:0.162871851183594,GTR{1/1/1/1/1}+F{0.2063818327279578/0.2621513846177465/0.2840574816094138/0.2474093010448819}:1:0.1280932675859291} --length 6000 -seed 2025 -af fasta -t RANDOM{yh/10} -redo
Seed:    2025 (Using SPRNG - Scalable Parallel Random Number Generator)
Time:    Fri Apr 19 09:52:01 2024
Kernel:  AVX+FMA - 1 threads (192 CPU cores detected)

Generating random Yule-Harding tree...
1 tree(s) printed to f816_t10_rep1_sim.treefile
[Alignment Simulator] Executing
 - Tree filepath: f816_t10_rep1_sim.treefile
 - Length of output sequences: 6000
 - Model: MIX{GTR{1/1/1/1/1}+F{0.3037513583913575/0.1663393600397132/0.2581735729921369/0.2717357085767924}:1:0.1483714024097342,GTR{1/1/1/1/1}+F{0.4100885894687257/0.306525804112917/0.1706838754183724/0.1127017309999849}:1:0.06423966836819672,GTR{1/1/1/1/1}+F{0.245166649193673/0.02005448860699421/0.5473604887877542/0.1874183734115785}:1:0.1992993810157482,GTR{1/1/1/1/1}+F{0.4158721009442904/0.08242928107710956/0.2294577528646511/0.272240865113949}:1:0.2971244294367977,GTR{1/1/1/1/1}+F{0.3095292116987097/0.3945305704057721/0.259189865647916/0.03675035224760215}:1:0.162871851183594,GTR{1/1/1/1/1}+F{0.2063818327279578/0.2621513846177465/0.2840574816094138/0.2474093010448819}:1:0.1280932675859291}
 - Number of output datasets: 1
SUBSTITUTION PROCESS
--------------------

Mixture model of substitution: MIX{GTR+FU,GTR+FU,GTR+FU,GTR+FU,GTR+FU,GTR+FU}

  No  Component      Rate    Weight   Parameters
   1  GTR           1.000    0.148    GTR{1,1,1,1,1}+FU{0.303751,0.166339,0.258174,0.271736}
   2  GTR           1.000    0.064    GTR{1,1,1,1,1}+FU{0.410089,0.306526,0.170684,0.112702}
   3  GTR           1.000    0.199    GTR{1,1,1,1,1}+FU{0.245167,0.0200545,0.54736,0.187418}
   4  GTR           1.000    0.297    GTR{1,1,1,1,1}+FU{0.415872,0.0824293,0.229458,0.272241}
   5  GTR           1.000    0.163    GTR{1,1,1,1,1}+FU{0.309529,0.394531,0.25919,0.0367504}
   6  GTR           1.000    0.128    GTR{1,1,1,1,1}+FU{0.206382,0.262151,0.284057,0.247409}

Model of rate heterogeneity: Uniform

[Alignment Simulator] Done
Simulation time: 0.010s
Date and Time: Fri Apr 19 09:52:01 2024
