IQ-TREE multicore version 2.2.8.mix COVID-edition for Linux 64-bit built Feb  3 2024
Developed by Bui Quang Minh, James Barbetti, Nguyen Lam Tung,
Olga Chernomor, Heiko Schmidt, Dominik Schrempf, Michael Woodhams, Ly Trong Nhan.

Host:    dayhoff.uds.anu.edu.au (AVX2, FMA3, 1007 GB RAM)
Command: /mnt/data/dayhoff/home/u7151703/software/iqtree-2.2.8.mix-Linux/bin/iqtree2 --alisim f816_t25_5k_rep2_sim -m MIX{GTR{1/1/1/1/1}+F{0.05848503687001028/0.2909598786978582/0.06712574390478587/0.5834293405273456}:1:0.3192238641709455,GTR{1/1/1/1/1}+F{0.1241835186281561/0.619320067865022/0.0193075849723181/0.2371888285345037}:1:0.1018253329491723,GTR{1/1/1/1/1}+F{0.2011475736311281/0.1441488300873027/0.04500963194048169/0.6096939643410875}:1:0.3833321563264028,GTR{1/1/1/1/1}+F{0.2140570722896056/0.1023970668214985/0.1103527310989467/0.5731931297899492}:1:0.03957734108331312,GTR{1/1/1/1/1}+F{0.04048704914680779/0.188615996052192/0.6386975065058774/0.1321994482951228}:1:0.1163873155752432,GTR{1/1/1/1/1}+F{0.01942080982815853/0.2057988777075892/0.6401926539611853/0.134587658503067}:1:0.03965398989492308} --length 30000 -seed 2026 -af fasta -t RANDOM{yh/25} -redo
Seed:    2026 (Using SPRNG - Scalable Parallel Random Number Generator)
Time:    Fri Apr 19 09:49:45 2024
Kernel:  AVX+FMA - 1 threads (192 CPU cores detected)

Generating random Yule-Harding tree...
1 tree(s) printed to f816_t25_5k_rep2_sim.treefile
[Alignment Simulator] Executing
 - Tree filepath: f816_t25_5k_rep2_sim.treefile
 - Length of output sequences: 30000
 - Model: MIX{GTR{1/1/1/1/1}+F{0.05848503687001028/0.2909598786978582/0.06712574390478587/0.5834293405273456}:1:0.3192238641709455,GTR{1/1/1/1/1}+F{0.1241835186281561/0.619320067865022/0.0193075849723181/0.2371888285345037}:1:0.1018253329491723,GTR{1/1/1/1/1}+F{0.2011475736311281/0.1441488300873027/0.04500963194048169/0.6096939643410875}:1:0.3833321563264028,GTR{1/1/1/1/1}+F{0.2140570722896056/0.1023970668214985/0.1103527310989467/0.5731931297899492}:1:0.03957734108331312,GTR{1/1/1/1/1}+F{0.04048704914680779/0.188615996052192/0.6386975065058774/0.1321994482951228}:1:0.1163873155752432,GTR{1/1/1/1/1}+F{0.01942080982815853/0.2057988777075892/0.6401926539611853/0.134587658503067}:1:0.03965398989492308}
 - Number of output datasets: 1
SUBSTITUTION PROCESS
--------------------

Mixture model of substitution: MIX{GTR+FU,GTR+FU,GTR+FU,GTR+FU,GTR+FU,GTR+FU}

  No  Component      Rate    Weight   Parameters
   1  GTR           1.000    0.319    GTR{1,1,1,1,1}+FU{0.058485,0.29096,0.0671257,0.583429}
   2  GTR           1.000    0.102    GTR{1,1,1,1,1}+FU{0.124184,0.61932,0.0193076,0.237189}
   3  GTR           1.000    0.383    GTR{1,1,1,1,1}+FU{0.201148,0.144149,0.0450096,0.609694}
   4  GTR           1.000    0.040    GTR{1,1,1,1,1}+FU{0.214057,0.102397,0.110353,0.573193}
   5  GTR           1.000    0.116    GTR{1,1,1,1,1}+FU{0.040487,0.188616,0.638698,0.132199}
   6  GTR           1.000    0.040    GTR{1,1,1,1,1}+FU{0.0194208,0.205799,0.640193,0.134588}

Model of rate heterogeneity: Uniform

[Alignment Simulator] Done
Simulation time: 0.033s
Date and Time: Fri Apr 19 09:49:45 2024
