IQ-TREE multicore version 2.2.8.mix COVID-edition for Linux 64-bit built Feb  3 2024
Developed by Bui Quang Minh, James Barbetti, Nguyen Lam Tung,
Olga Chernomor, Heiko Schmidt, Dominik Schrempf, Michael Woodhams, Ly Trong Nhan.

Host:    dayhoff.uds.anu.edu.au (AVX2, FMA3, 1007 GB RAM)
Command: /mnt/data/dayhoff/home/u7151703/software/iqtree-2.2.8.mix-Linux/bin/iqtree2 --alisim f816_t100_rep3_sim -m MIX{GTR{1/1/1/1/1}+F{0.1120347032779992/0.4946642700526296/0.2446423908498827/0.1486586358194885}:1:0.08143883344267888,GTR{1/1/1/1/1}+F{0.2306023406690377/0.1351081870498074/0.6293757358801343/0.004913736401020552}:1:0.157846089448001,GTR{1/1/1/1/1}+F{0.2030923841057655/0.2902493940793568/0.3431718351886505/0.1634863866262273}:1:0.1110005641989602,GTR{1/1/1/1/1}+F{0.1413971279705527/0.1958625918147588/0.05001194989787316/0.6127283303168153}:1:0.1108790961888405,GTR{1/1/1/1/1}+F{0.1698154262011824/0.5257743007223845/0.1655949381305896/0.1388153349458435}:1:0.3418445638011104,GTR{1/1/1/1/1}+F{0.2069106443302405/0.1249027799330787/0.3547597985038687/0.313426777232812}:1:0.196990852920409} --length 6000 -seed 2027 -af fasta -t RANDOM{yh/100} -redo
Seed:    2027 (Using SPRNG - Scalable Parallel Random Number Generator)
Time:    Fri Apr 19 09:52:02 2024
Kernel:  AVX+FMA - 1 threads (192 CPU cores detected)

Generating random Yule-Harding tree...
1 tree(s) printed to f816_t100_rep3_sim.treefile
[Alignment Simulator] Executing
 - Tree filepath: f816_t100_rep3_sim.treefile
 - Length of output sequences: 6000
 - Model: MIX{GTR{1/1/1/1/1}+F{0.1120347032779992/0.4946642700526296/0.2446423908498827/0.1486586358194885}:1:0.08143883344267888,GTR{1/1/1/1/1}+F{0.2306023406690377/0.1351081870498074/0.6293757358801343/0.004913736401020552}:1:0.157846089448001,GTR{1/1/1/1/1}+F{0.2030923841057655/0.2902493940793568/0.3431718351886505/0.1634863866262273}:1:0.1110005641989602,GTR{1/1/1/1/1}+F{0.1413971279705527/0.1958625918147588/0.05001194989787316/0.6127283303168153}:1:0.1108790961888405,GTR{1/1/1/1/1}+F{0.1698154262011824/0.5257743007223845/0.1655949381305896/0.1388153349458435}:1:0.3418445638011104,GTR{1/1/1/1/1}+F{0.2069106443302405/0.1249027799330787/0.3547597985038687/0.313426777232812}:1:0.196990852920409}
 - Number of output datasets: 1
SUBSTITUTION PROCESS
--------------------

Mixture model of substitution: MIX{GTR+FU,GTR+FU,GTR+FU,GTR+FU,GTR+FU,GTR+FU}

  No  Component      Rate    Weight   Parameters
   1  GTR           1.000    0.081    GTR{1,1,1,1,1}+FU{0.112035,0.494664,0.244642,0.148659}
   2  GTR           1.000    0.158    GTR{1,1,1,1,1}+FU{0.230602,0.135108,0.629376,0.00491374}
   3  GTR           1.000    0.111    GTR{1,1,1,1,1}+FU{0.203092,0.290249,0.343172,0.163486}
   4  GTR           1.000    0.111    GTR{1,1,1,1,1}+FU{0.141397,0.195863,0.0500119,0.612728}
   5  GTR           1.000    0.342    GTR{1,1,1,1,1}+FU{0.169815,0.525774,0.165595,0.138815}
   6  GTR           1.000    0.197    GTR{1,1,1,1,1}+FU{0.206911,0.124903,0.35476,0.313427}

Model of rate heterogeneity: Uniform

[Alignment Simulator] Done
Simulation time: 0.026s
Date and Time: Fri Apr 19 09:52:02 2024
