IQ-TREE multicore version 2.2.8.mix COVID-edition for Linux 64-bit built Feb  3 2024
Developed by Bui Quang Minh, James Barbetti, Nguyen Lam Tung,
Olga Chernomor, Heiko Schmidt, Dominik Schrempf, Michael Woodhams, Ly Trong Nhan.

Host:    dayhoff.uds.anu.edu.au (AVX2, FMA3, 1007 GB RAM)
Command: /mnt/data/dayhoff/home/u7151703/software/iqtree-2.2.8.mix-Linux/bin/iqtree2 --alisim f816_t100_rep4_sim -m MIX{GTR{1/1/1/1/1}+F{0.263625848904595/0.1723912073807509/0.08768149626006005/0.4763014474545941}:1:0.0878734510127458,GTR{1/1/1/1/1}+F{0.0708477147025941/0.1300880725782688/0.771078955919862/0.0279852567992751}:1:0.4162667783149248,GTR{1/1/1/1/1}+F{0.1357671138982448/0.1667342835209185/0.3591029007202821/0.3383957018605547}:1:0.1108060833070303,GTR{1/1/1/1/1}+F{0.1006115413846023/0.1180748372956648/0.03134091672525585/0.7499727045944771}:1:0.2145987770440709,GTR{1/1/1/1/1}+F{0.1954404621147888/0.193158495365091/0.1266690468345141/0.4847319956856061}:1:0.07712642419893101,GTR{1/1/1/1/1}+F{0.2232368835802993/0.1313743548853633/0.3479341651594874/0.2974545963748501}:1:0.09332848612229716} --length 6000 -seed 2028 -af fasta -t RANDOM{yh/100} -redo
Seed:    2028 (Using SPRNG - Scalable Parallel Random Number Generator)
Time:    Fri Apr 19 09:52:02 2024
Kernel:  AVX+FMA - 1 threads (192 CPU cores detected)

Generating random Yule-Harding tree...
1 tree(s) printed to f816_t100_rep4_sim.treefile
[Alignment Simulator] Executing
 - Tree filepath: f816_t100_rep4_sim.treefile
 - Length of output sequences: 6000
 - Model: MIX{GTR{1/1/1/1/1}+F{0.263625848904595/0.1723912073807509/0.08768149626006005/0.4763014474545941}:1:0.0878734510127458,GTR{1/1/1/1/1}+F{0.0708477147025941/0.1300880725782688/0.771078955919862/0.0279852567992751}:1:0.4162667783149248,GTR{1/1/1/1/1}+F{0.1357671138982448/0.1667342835209185/0.3591029007202821/0.3383957018605547}:1:0.1108060833070303,GTR{1/1/1/1/1}+F{0.1006115413846023/0.1180748372956648/0.03134091672525585/0.7499727045944771}:1:0.2145987770440709,GTR{1/1/1/1/1}+F{0.1954404621147888/0.193158495365091/0.1266690468345141/0.4847319956856061}:1:0.07712642419893101,GTR{1/1/1/1/1}+F{0.2232368835802993/0.1313743548853633/0.3479341651594874/0.2974545963748501}:1:0.09332848612229716}
 - Number of output datasets: 1
SUBSTITUTION PROCESS
--------------------

Mixture model of substitution: MIX{GTR+FU,GTR+FU,GTR+FU,GTR+FU,GTR+FU,GTR+FU}

  No  Component      Rate    Weight   Parameters
   1  GTR           1.000    0.088    GTR{1,1,1,1,1}+FU{0.263626,0.172391,0.0876815,0.476301}
   2  GTR           1.000    0.416    GTR{1,1,1,1,1}+FU{0.0708477,0.130088,0.771079,0.0279853}
   3  GTR           1.000    0.111    GTR{1,1,1,1,1}+FU{0.135767,0.166734,0.359103,0.338396}
   4  GTR           1.000    0.215    GTR{1,1,1,1,1}+FU{0.100612,0.118075,0.0313409,0.749973}
   5  GTR           1.000    0.077    GTR{1,1,1,1,1}+FU{0.19544,0.193158,0.126669,0.484732}
   6  GTR           1.000    0.093    GTR{1,1,1,1,1}+FU{0.223237,0.131374,0.347934,0.297455}

Model of rate heterogeneity: Uniform

[Alignment Simulator] Done
Simulation time: 0.025s
Date and Time: Fri Apr 19 09:52:02 2024
