IQ-TREE multicore version 2.2.8.mix COVID-edition for Linux 64-bit built Feb  3 2024
Developed by Bui Quang Minh, James Barbetti, Nguyen Lam Tung,
Olga Chernomor, Heiko Schmidt, Dominik Schrempf, Michael Woodhams, Ly Trong Nhan.

Host:    dayhoff.uds.anu.edu.au (AVX2, FMA3, 1007 GB RAM)
Command: /mnt/data/dayhoff/home/u7151703/software/iqtree-2.2.8.mix-Linux/bin/iqtree2 --alisim f81_rep5_sim -m MIX{GTR{1/1/1/1/1}+F{0.2362521178130046/0.34768397592662403/0.14790434663103424/0.26815955962933713}:1:0.18615802729858422,GTR{1/1/1/1/1}+F{0.10429735341211088/0.02101764683723817/0.0367205997482033/0.8379644000024477}:1:0.12750434726274718,GTR{1/1/1/1/1}+F{0.5616761655545373/0.3819211332625768/0.05102629967151484/0.005376401511371087}:1:0.3206380692602172,GTR{1/1/1/1/1}+F{0.5600331588076879/0.03535196131563445/0.03612572641833056/0.3684891534583471}:1:0.09829753648316686,GTR{1/1/1/1/1}+F{0.12286442727565838/0.19187512784826966/0.22954567296692518/0.4557147719091468}:1:0.10202344702230692,GTR{1/1/1/1/1}+F{0.028919720517454617/0.032562307428946724/0.5738668870445361/0.3646510850090625}:1:0.16537857267297762} --length 6000 -seed 2029 -af fasta -t RANDOM{yh/100} -redo
Seed:    2029 (Using SPRNG - Scalable Parallel Random Number Generator)
Time:    Mon Apr  8 12:04:59 2024
Kernel:  AVX+FMA - 1 threads (192 CPU cores detected)

Generating random Yule-Harding tree...
1 tree(s) printed to f81_rep5_sim.treefile
[Alignment Simulator] Executing
 - Tree filepath: f81_rep5_sim.treefile
 - Length of output sequences: 6000
 - Model: MIX{GTR{1/1/1/1/1}+F{0.2362521178130046/0.34768397592662403/0.14790434663103424/0.26815955962933713}:1:0.18615802729858422,GTR{1/1/1/1/1}+F{0.10429735341211088/0.02101764683723817/0.0367205997482033/0.8379644000024477}:1:0.12750434726274718,GTR{1/1/1/1/1}+F{0.5616761655545373/0.3819211332625768/0.05102629967151484/0.005376401511371087}:1:0.3206380692602172,GTR{1/1/1/1/1}+F{0.5600331588076879/0.03535196131563445/0.03612572641833056/0.3684891534583471}:1:0.09829753648316686,GTR{1/1/1/1/1}+F{0.12286442727565838/0.19187512784826966/0.22954567296692518/0.4557147719091468}:1:0.10202344702230692,GTR{1/1/1/1/1}+F{0.028919720517454617/0.032562307428946724/0.5738668870445361/0.3646510850090625}:1:0.16537857267297762}
 - Number of output datasets: 1
SUBSTITUTION PROCESS
--------------------

Mixture model of substitution: MIX{GTR+FU,GTR+FU,GTR+FU,GTR+FU,GTR+FU,GTR+FU}

  No  Component      Rate    Weight   Parameters
   1  GTR           1.000    0.186    GTR{1,1,1,1,1}+FU{0.236252,0.347684,0.147904,0.26816}
   2  GTR           1.000    0.128    GTR{1,1,1,1,1}+FU{0.104297,0.0210176,0.0367206,0.837964}
   3  GTR           1.000    0.321    GTR{1,1,1,1,1}+FU{0.561676,0.381921,0.0510263,0.0053764}
   4  GTR           1.000    0.098    GTR{1,1,1,1,1}+FU{0.560033,0.035352,0.0361257,0.368489}
   5  GTR           1.000    0.102    GTR{1,1,1,1,1}+FU{0.122864,0.191875,0.229546,0.455715}
   6  GTR           1.000    0.165    GTR{1,1,1,1,1}+FU{0.0289197,0.0325623,0.573867,0.364651}

Model of rate heterogeneity: Uniform

[Alignment Simulator] Done
Simulation time: 0.030s
Date and Time: Mon Apr  8 12:04:59 2024
