IQ-TREE multicore version 2.2.8.mix COVID-edition for Linux 64-bit built Feb  3 2024
Developed by Bui Quang Minh, James Barbetti, Nguyen Lam Tung,
Olga Chernomor, Heiko Schmidt, Dominik Schrempf, Michael Woodhams, Ly Trong Nhan.

Host:    dayhoff.uds.anu.edu.au (AVX2, FMA3, 1007 GB RAM)
Command: /mnt/data/dayhoff/home/u7151703/software/iqtree-2.2.8.mix-Linux/bin/iqtree2 --alisim f81_rep1_sim -m MIX{GTR{1/1/1/1/1}+F{0.3037513583913575/0.16633936003971317/0.25817357299213695/0.2717357085767924}:1:0.14837140240973423,GTR{1/1/1/1/1}+F{0.41008858946872573/0.30652580411291697/0.17068387541837238/0.11270173099998493}:1:0.06423966836819672,GTR{1/1/1/1/1}+F{0.24516664919367304/0.020054488606994214/0.5473604887877542/0.18741837341157852}:1:0.19929938101574818,GTR{1/1/1/1/1}+F{0.4158721009442904/0.08242928107710956/0.2294577528646511/0.27224086511394896}:1:0.29712442943679773,GTR{1/1/1/1/1}+F{0.3095292116987097/0.3945305704057721/0.259189865647916/0.03675035224760215}:1:0.16287185118359404,GTR{1/1/1/1/1}+F{0.20638183272795785/0.26215138461774645/0.2840574816094138/0.2474093010448819}:1:0.1280932675859291} --length 6000 -seed 2029 -af fasta -t RANDOM{yh/100} -redo
Seed:    2029 (Using SPRNG - Scalable Parallel Random Number Generator)
Time:    Mon Apr  8 12:04:59 2024
Kernel:  AVX+FMA - 1 threads (192 CPU cores detected)

Generating random Yule-Harding tree...
1 tree(s) printed to f81_rep1_sim.treefile
[Alignment Simulator] Executing
 - Tree filepath: f81_rep1_sim.treefile
 - Length of output sequences: 6000
 - Model: MIX{GTR{1/1/1/1/1}+F{0.3037513583913575/0.16633936003971317/0.25817357299213695/0.2717357085767924}:1:0.14837140240973423,GTR{1/1/1/1/1}+F{0.41008858946872573/0.30652580411291697/0.17068387541837238/0.11270173099998493}:1:0.06423966836819672,GTR{1/1/1/1/1}+F{0.24516664919367304/0.020054488606994214/0.5473604887877542/0.18741837341157852}:1:0.19929938101574818,GTR{1/1/1/1/1}+F{0.4158721009442904/0.08242928107710956/0.2294577528646511/0.27224086511394896}:1:0.29712442943679773,GTR{1/1/1/1/1}+F{0.3095292116987097/0.3945305704057721/0.259189865647916/0.03675035224760215}:1:0.16287185118359404,GTR{1/1/1/1/1}+F{0.20638183272795785/0.26215138461774645/0.2840574816094138/0.2474093010448819}:1:0.1280932675859291}
 - Number of output datasets: 1
SUBSTITUTION PROCESS
--------------------

Mixture model of substitution: MIX{GTR+FU,GTR+FU,GTR+FU,GTR+FU,GTR+FU,GTR+FU}

  No  Component      Rate    Weight   Parameters
   1  GTR           1.000    0.148    GTR{1,1,1,1,1}+FU{0.303751,0.166339,0.258174,0.271736}
   2  GTR           1.000    0.064    GTR{1,1,1,1,1}+FU{0.410089,0.306526,0.170684,0.112702}
   3  GTR           1.000    0.199    GTR{1,1,1,1,1}+FU{0.245167,0.0200545,0.54736,0.187418}
   4  GTR           1.000    0.297    GTR{1,1,1,1,1}+FU{0.415872,0.0824293,0.229458,0.272241}
   5  GTR           1.000    0.163    GTR{1,1,1,1,1}+FU{0.309529,0.394531,0.25919,0.0367504}
   6  GTR           1.000    0.128    GTR{1,1,1,1,1}+FU{0.206382,0.262151,0.284057,0.247409}

Model of rate heterogeneity: Uniform

[Alignment Simulator] Done
Simulation time: 0.084s
Date and Time: Mon Apr  8 12:04:59 2024
