IQ-TREE multicore version 2.2.8.mix COVID-edition for Linux 64-bit built Feb  3 2024
Developed by Bui Quang Minh, James Barbetti, Nguyen Lam Tung,
Olga Chernomor, Heiko Schmidt, Dominik Schrempf, Michael Woodhams, Ly Trong Nhan.

Host:    dayhoff.uds.anu.edu.au (AVX2, FMA3, 1007 GB RAM)
Command: /mnt/data/dayhoff/home/u7151703/software/iqtree-2.2.8.mix-Linux/bin/iqtree2 --alisim f81_rep2_sim -m MIX{GTR{1/1/1/1/1}+F{0.058485036870010276/0.2909598786978582/0.06712574390478587/0.5834293405273456}:1:0.3192238641709455,GTR{1/1/1/1/1}+F{0.12418351862815613/0.619320067865022/0.019307584972318104/0.23718882853450374}:1:0.10182533294917229,GTR{1/1/1/1/1}+F{0.20114757363112812/0.14414883008730273/0.04500963194048169/0.6096939643410875}:1:0.38333215632640283,GTR{1/1/1/1/1}+F{0.21405707228960558/0.10239706682149852/0.11035273109894672/0.5731931297899492}:1:0.03957734108331312,GTR{1/1/1/1/1}+F{0.040487049146807785/0.18861599605219204/0.6386975065058774/0.13219944829512276}:1:0.11638731557524318,GTR{1/1/1/1/1}+F{0.019420809828158525/0.2057988777075892/0.6401926539611853/0.13458765850306698}:1:0.03965398989492308} --length 6000 -seed 2029 -af fasta -t RANDOM{yh/100} -redo
Seed:    2029 (Using SPRNG - Scalable Parallel Random Number Generator)
Time:    Mon Apr  8 12:04:59 2024
Kernel:  AVX+FMA - 1 threads (192 CPU cores detected)

Generating random Yule-Harding tree...
1 tree(s) printed to f81_rep2_sim.treefile
[Alignment Simulator] Executing
 - Tree filepath: f81_rep2_sim.treefile
 - Length of output sequences: 6000
 - Model: MIX{GTR{1/1/1/1/1}+F{0.058485036870010276/0.2909598786978582/0.06712574390478587/0.5834293405273456}:1:0.3192238641709455,GTR{1/1/1/1/1}+F{0.12418351862815613/0.619320067865022/0.019307584972318104/0.23718882853450374}:1:0.10182533294917229,GTR{1/1/1/1/1}+F{0.20114757363112812/0.14414883008730273/0.04500963194048169/0.6096939643410875}:1:0.38333215632640283,GTR{1/1/1/1/1}+F{0.21405707228960558/0.10239706682149852/0.11035273109894672/0.5731931297899492}:1:0.03957734108331312,GTR{1/1/1/1/1}+F{0.040487049146807785/0.18861599605219204/0.6386975065058774/0.13219944829512276}:1:0.11638731557524318,GTR{1/1/1/1/1}+F{0.019420809828158525/0.2057988777075892/0.6401926539611853/0.13458765850306698}:1:0.03965398989492308}
 - Number of output datasets: 1
SUBSTITUTION PROCESS
--------------------

Mixture model of substitution: MIX{GTR+FU,GTR+FU,GTR+FU,GTR+FU,GTR+FU,GTR+FU}

  No  Component      Rate    Weight   Parameters
   1  GTR           1.000    0.319    GTR{1,1,1,1,1}+FU{0.058485,0.29096,0.0671257,0.583429}
   2  GTR           1.000    0.102    GTR{1,1,1,1,1}+FU{0.124184,0.61932,0.0193076,0.237189}
   3  GTR           1.000    0.383    GTR{1,1,1,1,1}+FU{0.201148,0.144149,0.0450096,0.609694}
   4  GTR           1.000    0.040    GTR{1,1,1,1,1}+FU{0.214057,0.102397,0.110353,0.573193}
   5  GTR           1.000    0.116    GTR{1,1,1,1,1}+FU{0.040487,0.188616,0.638698,0.132199}
   6  GTR           1.000    0.040    GTR{1,1,1,1,1}+FU{0.0194208,0.205799,0.640193,0.134588}

Model of rate heterogeneity: Uniform

[Alignment Simulator] Done
Simulation time: 0.031s
Date and Time: Mon Apr  8 12:04:59 2024
