IQ-TREE multicore version 2.2.8.mix COVID-edition for Linux 64-bit built Feb  3 2024
Developed by Bui Quang Minh, James Barbetti, Nguyen Lam Tung,
Olga Chernomor, Heiko Schmidt, Dominik Schrempf, Michael Woodhams, Ly Trong Nhan.

Host:    dayhoff.uds.anu.edu.au (AVX2, FMA3, 1007 GB RAM)
Command: /mnt/data/dayhoff/home/u7151703/software/iqtree-2.2.8.mix-Linux/bin/iqtree2 --alisim f81_rep3_sim -m MIX{GTR{1/1/1/1/1}+F{0.11203470327799925/0.4946642700526296/0.2446423908498827/0.14865863581948846}:1:0.08143883344267888,GTR{1/1/1/1/1}+F{0.23060234066903773/0.13510818704980743/0.6293757358801343/0.004913736401020552}:1:0.15784608944800105,GTR{1/1/1/1/1}+F{0.20309238410576547/0.2902493940793568/0.34317183518865046/0.16348638662622728}:1:0.1110005641989602,GTR{1/1/1/1/1}+F{0.1413971279705527/0.19586259181475885/0.050011949897873165/0.6127283303168153}:1:0.11087909618884051,GTR{1/1/1/1/1}+F{0.1698154262011824/0.5257743007223845/0.16559493813058956/0.13881533494584353}:1:0.3418445638011104,GTR{1/1/1/1/1}+F{0.20691064433024053/0.12490277993307874/0.35475979850386874/0.313426777232812}:1:0.19699085292040897} --length 6000 -seed 2029 -af fasta -t RANDOM{yh/100} -redo
Seed:    2029 (Using SPRNG - Scalable Parallel Random Number Generator)
Time:    Mon Apr  8 12:04:59 2024
Kernel:  AVX+FMA - 1 threads (192 CPU cores detected)

Generating random Yule-Harding tree...
1 tree(s) printed to f81_rep3_sim.treefile
[Alignment Simulator] Executing
 - Tree filepath: f81_rep3_sim.treefile
 - Length of output sequences: 6000
 - Model: MIX{GTR{1/1/1/1/1}+F{0.11203470327799925/0.4946642700526296/0.2446423908498827/0.14865863581948846}:1:0.08143883344267888,GTR{1/1/1/1/1}+F{0.23060234066903773/0.13510818704980743/0.6293757358801343/0.004913736401020552}:1:0.15784608944800105,GTR{1/1/1/1/1}+F{0.20309238410576547/0.2902493940793568/0.34317183518865046/0.16348638662622728}:1:0.1110005641989602,GTR{1/1/1/1/1}+F{0.1413971279705527/0.19586259181475885/0.050011949897873165/0.6127283303168153}:1:0.11087909618884051,GTR{1/1/1/1/1}+F{0.1698154262011824/0.5257743007223845/0.16559493813058956/0.13881533494584353}:1:0.3418445638011104,GTR{1/1/1/1/1}+F{0.20691064433024053/0.12490277993307874/0.35475979850386874/0.313426777232812}:1:0.19699085292040897}
 - Number of output datasets: 1
SUBSTITUTION PROCESS
--------------------

Mixture model of substitution: MIX{GTR+FU,GTR+FU,GTR+FU,GTR+FU,GTR+FU,GTR+FU}

  No  Component      Rate    Weight   Parameters
   1  GTR           1.000    0.081    GTR{1,1,1,1,1}+FU{0.112035,0.494664,0.244642,0.148659}
   2  GTR           1.000    0.158    GTR{1,1,1,1,1}+FU{0.230602,0.135108,0.629376,0.00491374}
   3  GTR           1.000    0.111    GTR{1,1,1,1,1}+FU{0.203092,0.290249,0.343172,0.163486}
   4  GTR           1.000    0.111    GTR{1,1,1,1,1}+FU{0.141397,0.195863,0.0500119,0.612728}
   5  GTR           1.000    0.342    GTR{1,1,1,1,1}+FU{0.169815,0.525774,0.165595,0.138815}
   6  GTR           1.000    0.197    GTR{1,1,1,1,1}+FU{0.206911,0.124903,0.35476,0.313427}

Model of rate heterogeneity: Uniform

[Alignment Simulator] Done
Simulation time: 0.029s
Date and Time: Mon Apr  8 12:04:59 2024
