IQ-TREE multicore version 2.2.8.mix COVID-edition for Linux 64-bit built Feb  3 2024
Developed by Bui Quang Minh, James Barbetti, Nguyen Lam Tung,
Olga Chernomor, Heiko Schmidt, Dominik Schrempf, Michael Woodhams, Ly Trong Nhan.

Host:    dayhoff.uds.anu.edu.au (AVX2, FMA3, 1007 GB RAM)
Command: /mnt/data/dayhoff/home/u7151703/software/iqtree-2.2.8.mix-Linux/bin/iqtree2 --alisim f81_rep4_sim -m MIX{GTR{1/1/1/1/1}+F{0.26362584890459495/0.17239120738075087/0.08768149626006005/0.47630144745459413}:1:0.0878734510127458,GTR{1/1/1/1/1}+F{0.0708477147025941/0.13008807257826882/0.771078955919862/0.027985256799275104}:1:0.41626677831492476,GTR{1/1/1/1/1}+F{0.1357671138982448/0.16673428352091846/0.35910290072028206/0.3383957018605547}:1:0.11080608330703035,GTR{1/1/1/1/1}+F{0.10061154138460227/0.11807483729566481/0.03134091672525585/0.7499727045944771}:1:0.21459877704407093,GTR{1/1/1/1/1}+F{0.19544046211478883/0.193158495365091/0.12666904683451408/0.4847319956856061}:1:0.07712642419893101,GTR{1/1/1/1/1}+F{0.22323688358029925/0.1313743548853633/0.3479341651594874/0.29745459637485006}:1:0.09332848612229716} --length 6000 -seed 2029 -af fasta -t RANDOM{yh/100} -redo
Seed:    2029 (Using SPRNG - Scalable Parallel Random Number Generator)
Time:    Mon Apr  8 12:04:59 2024
Kernel:  AVX+FMA - 1 threads (192 CPU cores detected)

Generating random Yule-Harding tree...
1 tree(s) printed to f81_rep4_sim.treefile
[Alignment Simulator] Executing
 - Tree filepath: f81_rep4_sim.treefile
 - Length of output sequences: 6000
 - Model: MIX{GTR{1/1/1/1/1}+F{0.26362584890459495/0.17239120738075087/0.08768149626006005/0.47630144745459413}:1:0.0878734510127458,GTR{1/1/1/1/1}+F{0.0708477147025941/0.13008807257826882/0.771078955919862/0.027985256799275104}:1:0.41626677831492476,GTR{1/1/1/1/1}+F{0.1357671138982448/0.16673428352091846/0.35910290072028206/0.3383957018605547}:1:0.11080608330703035,GTR{1/1/1/1/1}+F{0.10061154138460227/0.11807483729566481/0.03134091672525585/0.7499727045944771}:1:0.21459877704407093,GTR{1/1/1/1/1}+F{0.19544046211478883/0.193158495365091/0.12666904683451408/0.4847319956856061}:1:0.07712642419893101,GTR{1/1/1/1/1}+F{0.22323688358029925/0.1313743548853633/0.3479341651594874/0.29745459637485006}:1:0.09332848612229716}
 - Number of output datasets: 1
SUBSTITUTION PROCESS
--------------------

Mixture model of substitution: MIX{GTR+FU,GTR+FU,GTR+FU,GTR+FU,GTR+FU,GTR+FU}

  No  Component      Rate    Weight   Parameters
   1  GTR           1.000    0.088    GTR{1,1,1,1,1}+FU{0.263626,0.172391,0.0876815,0.476301}
   2  GTR           1.000    0.416    GTR{1,1,1,1,1}+FU{0.0708477,0.130088,0.771079,0.0279853}
   3  GTR           1.000    0.111    GTR{1,1,1,1,1}+FU{0.135767,0.166734,0.359103,0.338396}
   4  GTR           1.000    0.215    GTR{1,1,1,1,1}+FU{0.100612,0.118075,0.0313409,0.749973}
   5  GTR           1.000    0.077    GTR{1,1,1,1,1}+FU{0.19544,0.193158,0.126669,0.484732}
   6  GTR           1.000    0.093    GTR{1,1,1,1,1}+FU{0.223237,0.131374,0.347934,0.297455}

Model of rate heterogeneity: Uniform

[Alignment Simulator] Done
Simulation time: 0.027s
Date and Time: Mon Apr  8 12:04:59 2024
