IQ-TREE multicore version 2.2.8.mix COVID-edition for Linux 64-bit built Feb  3 2024
Developed by Bui Quang Minh, James Barbetti, Nguyen Lam Tung,
Olga Chernomor, Heiko Schmidt, Dominik Schrempf, Michael Woodhams, Ly Trong Nhan.

Host:    dayhoff.uds.anu.edu.au (AVX2, FMA3, 1007 GB RAM)
Command: /mnt/data/dayhoff/home/u7151703/software/iqtree-2.2.8.mix-Linux/bin/iqtree2 --alisim q10_sim -m MIX{GTR{13.5788/9.12648/5.87384/3.91449/54.535}+F{0.0532163/0.567914/0.124632/0.254238}:1:0.0877,GTR{0.000900126/0.0001/0.00713744/0.000247094/0.00891884}+F{0.622545/0.322908/0.0457865/0.00876112}:1:0.0471,GTR{2.24618/40.6955/0.408369/9.93118/0.153179}+F{0.299587/0.112554/0.104247/0.483612}:1:0.0796,GTR{0.171885/0.951409/0.248211/0.773395/1.78843}+F{0.247786/0.397173/0.228577/0.126464}:1:0.0914,GTR{3.13412/5.05262/1.89122/1.34808/3.36969}+F{0.127164/0.173037/0.560579/0.13922}:1:0.1133,GTR{0.116097/1.86907/0.149692/1.13247/0.421683}+F{0.443453/0.2219/0.0558192/0.278827}:1:0.086,GTR{1.78396/7.4584/1.12893/0.913365/3.60818}+F{0.243643/0.371645/0.177325/0.207387}:1:0.1725,GTR{0.98099/0.0376085/1.29205/1.13175/100.0}+F{0.291487/0.132811/0.235039/0.340662}:1:0.0671,GTR{0.397348/5.54019/0.6541/0.446946/20.7838}+F{0.294635/0.127321/0.490188/0.0878567}:1:0.1205,GTR{1.90897/2.74895/0.708922/2.16591/9.70559}+F{0.292202/0.103357/0.276422/0.328019}:1:0.1348} --length 10000 -seed 2024 -af fasta -t RANDOM{yh/100} -redo
Seed:    2024 (Using SPRNG - Scalable Parallel Random Number Generator)
Time:    Thu Mar 14 14:27:56 2024
Kernel:  AVX+FMA - 1 threads (192 CPU cores detected)

Generating random Yule-Harding tree...
1 tree(s) printed to q10_sim.treefile
[Alignment Simulator] Executing
WARNING: Normalizing State frequencies so that sum of them equals to 1
WARNING: Normalizing State frequencies so that sum of them equals to 1
WARNING: Normalizing State frequencies so that sum of them equals to 1
WARNING: Normalizing State frequencies so that sum of them equals to 1
WARNING: Normalizing State frequencies so that sum of them equals to 1
 - Tree filepath: q10_sim.treefile
 - Length of output sequences: 10000
 - Model: MIX{GTR{13.5788/9.12648/5.87384/3.91449/54.535}+F{0.0532163/0.567914/0.124632/0.254238}:1:0.0877,GTR{0.000900126/0.0001/0.00713744/0.000247094/0.00891884}+F{0.622545/0.322908/0.0457865/0.00876112}:1:0.0471,GTR{2.24618/40.6955/0.408369/9.93118/0.153179}+F{0.299587/0.112554/0.104247/0.483612}:1:0.0796,GTR{0.171885/0.951409/0.248211/0.773395/1.78843}+F{0.247786/0.397173/0.228577/0.126464}:1:0.0914,GTR{3.13412/5.05262/1.89122/1.34808/3.36969}+F{0.127164/0.173037/0.560579/0.13922}:1:0.1133,GTR{0.116097/1.86907/0.149692/1.13247/0.421683}+F{0.443453/0.2219/0.0558192/0.278827}:1:0.086,GTR{1.78396/7.4584/1.12893/0.913365/3.60818}+F{0.243643/0.371645/0.177325/0.207387}:1:0.1725,GTR{0.98099/0.0376085/1.29205/1.13175/100.0}+F{0.291487/0.132811/0.235039/0.340662}:1:0.0671,GTR{0.397348/5.54019/0.6541/0.446946/20.7838}+F{0.294635/0.127321/0.490188/0.0878567}:1:0.1205,GTR{1.90897/2.74895/0.708922/2.16591/9.70559}+F{0.292202/0.103357/0.276422/0.328019}:1:0.1348}
 - Number of output datasets: 1
SUBSTITUTION PROCESS
--------------------

Mixture model of substitution: MIX{GTR+FU,GTR+FU,GTR+FU,GTR+FU,GTR+FU,GTR+FU,GTR+FU,GTR+FU,GTR+FU,GTR+FU}

  No  Component      Rate    Weight   Parameters
   1  GTR           1.000    0.088    GTR{13.5788,9.12648,5.87384,3.91449,54.535}+FU{0.0532163,0.567914,0.124632,0.254238}
   2  GTR           1.000    0.047    GTR{0.000900126,0.0001,0.00713744,0.000247094,0.00891884}+FU{0.622545,0.322908,0.0457865,0.00876111}
   3  GTR           1.000    0.080    GTR{2.24618,40.6955,0.408369,9.93118,0.153179}+FU{0.299587,0.112554,0.104247,0.483612}
   4  GTR           1.000    0.091    GTR{0.171885,0.951409,0.248211,0.773395,1.78843}+FU{0.247786,0.397173,0.228577,0.126464}
   5  GTR           1.000    0.113    GTR{3.13412,5.05262,1.89122,1.34808,3.36969}+FU{0.127164,0.173037,0.560579,0.13922}
   6  GTR           1.000    0.086    GTR{0.116097,1.86907,0.149692,1.13247,0.421683}+FU{0.443453,0.2219,0.0558192,0.278827}
   7  GTR           1.000    0.172    GTR{1.78396,7.4584,1.12893,0.913365,3.60818}+FU{0.243643,0.371645,0.177325,0.207387}
   8  GTR           1.000    0.067    GTR{0.98099,0.0376085,1.29205,1.13175,100}+FU{0.291487,0.132811,0.235039,0.340662}
   9  GTR           1.000    0.120    GTR{0.397348,5.54019,0.6541,0.446946,20.7838}+FU{0.294635,0.127321,0.490188,0.0878566}
  10  GTR           1.000    0.135    GTR{1.90897,2.74895,0.708922,2.16591,9.70559}+FU{0.292202,0.103357,0.276422,0.328019}

Model of rate heterogeneity: Uniform

[Alignment Simulator] Done
Simulation time: 0.038s
Date and Time: Thu Mar 14 14:27:56 2024
