IQ-TREE multicore version 2.2.8.mix COVID-edition for Linux 64-bit built Feb  3 2024
Developed by Bui Quang Minh, James Barbetti, Nguyen Lam Tung,
Olga Chernomor, Heiko Schmidt, Dominik Schrempf, Michael Woodhams, Ly Trong Nhan.

Host:    dayhoff.uds.anu.edu.au (AVX2, FMA3, 1007 GB RAM)
Command: /mnt/data/dayhoff/home/u7151703/software/iqtree-2.2.8.mix-Linux/bin/iqtree2 --alisim q5_sim -m MIX{GTR{0.688166/1.62017/0.536243/1.4302/4.80386}+F{0.351803/0.157111/0.162641/0.328445}:1:0.1948,GTR{0.955225/43.4132/0.899762/0.776363/69.0202}+F{0.220696/0.213521/0.309792/0.255991}:1:0.1641,GTR{0.930367/0.80258/0.468804/1.21381/7.68847}+F{0.256989/0.486252/0.124476/0.132283}:1:0.1468,GTR{1.1242/3.43431/1.04932/0.847569/3.44001}+F{0.175795/0.240209/0.432665/0.151331}:1:0.2968,GTR{1.08966/6.84322/0.417396/1.48164/0.499502}+F{0.361962/0.251128/0.117578/0.269332}:1:0.1975} --length 10000 -seed 2024 -af fasta -t RANDOM{yh/100} -redo
Seed:    2024 (Using SPRNG - Scalable Parallel Random Number Generator)
Time:    Thu Mar 14 14:27:56 2024
Kernel:  AVX+FMA - 1 threads (192 CPU cores detected)

Generating random Yule-Harding tree...
1 tree(s) printed to q5_sim.treefile
[Alignment Simulator] Executing
 - Tree filepath: q5_sim.treefile
 - Length of output sequences: 10000
 - Model: MIX{GTR{0.688166/1.62017/0.536243/1.4302/4.80386}+F{0.351803/0.157111/0.162641/0.328445}:1:0.1948,GTR{0.955225/43.4132/0.899762/0.776363/69.0202}+F{0.220696/0.213521/0.309792/0.255991}:1:0.1641,GTR{0.930367/0.80258/0.468804/1.21381/7.68847}+F{0.256989/0.486252/0.124476/0.132283}:1:0.1468,GTR{1.1242/3.43431/1.04932/0.847569/3.44001}+F{0.175795/0.240209/0.432665/0.151331}:1:0.2968,GTR{1.08966/6.84322/0.417396/1.48164/0.499502}+F{0.361962/0.251128/0.117578/0.269332}:1:0.1975}
 - Number of output datasets: 1
SUBSTITUTION PROCESS
--------------------

Mixture model of substitution: MIX{GTR+FU,GTR+FU,GTR+FU,GTR+FU,GTR+FU}

  No  Component      Rate    Weight   Parameters
   1  GTR           1.000    0.195    GTR{0.688166,1.62017,0.536243,1.4302,4.80386}+FU{0.351803,0.157111,0.162641,0.328445}
   2  GTR           1.000    0.164    GTR{0.955225,43.4132,0.899762,0.776363,69.0202}+FU{0.220696,0.213521,0.309792,0.255991}
   3  GTR           1.000    0.147    GTR{0.930367,0.80258,0.468804,1.21381,7.68847}+FU{0.256989,0.486252,0.124476,0.132283}
   4  GTR           1.000    0.297    GTR{1.1242,3.43431,1.04932,0.847569,3.44001}+FU{0.175795,0.240209,0.432665,0.151331}
   5  GTR           1.000    0.198    GTR{1.08966,6.84322,0.417396,1.48164,0.499502}+FU{0.361962,0.251128,0.117578,0.269332}

Model of rate heterogeneity: Uniform

[Alignment Simulator] Done
Simulation time: 0.040s
Date and Time: Thu Mar 14 14:27:56 2024
