IQ-TREE multicore version 2.2.8.mix COVID-edition for Linux 64-bit built Feb  3 2024
Developed by Bui Quang Minh, James Barbetti, Nguyen Lam Tung,
Olga Chernomor, Heiko Schmidt, Dominik Schrempf, Michael Woodhams, Ly Trong Nhan.

Host:    dayhoff.uds.anu.edu.au (AVX2, FMA3, 1007 GB RAM)
Command: /mnt/data/dayhoff/home/u7151703/software/iqtree-2.2.8.mix-Linux/bin/iqtree2 --alisim f816_t25_sim -m MIX{GTR{1/1/1/1/1}+F{0.309529211698709/0.418229923187341/0.235490512866346/0.0367503522476021}:1:0.124183518628156,GTR{1/1/1/1/1}+F{0.519350722988487/0.184709059115994/0.0273003015230249/0.268639916372493}:1:0.221112885090274,GTR{1/1/1/1/1}+F{0.303751358391357/0.166339360039713/0.258173572992136/0.271735708576792}:1:0.0450096319404816,GTR{1/1/1/1/1}+F{0.468533217345704/0.240501663884772/0.162871851183594/0.128093267585929}:1:0.353197550834265,GTR{1/1/1/1/1}+F{0.148371402409734/0.0642396683681967/0.199299381015748/0.58808954820632}:1:0.0193075849723181,GTR{1/1/1/1/1}+F{0.0584850368700102/0.290959878697858/0.0671257439047858/0.583429340527345}:1:0.237188828534503} --length 6000 -seed 2024 -af fasta -t RANDOM{yh/25} -redo
Seed:    2024 (Using SPRNG - Scalable Parallel Random Number Generator)
Time:    Thu Apr 11 09:35:46 2024
Kernel:  AVX+FMA - 1 threads (192 CPU cores detected)

Generating random Yule-Harding tree...
1 tree(s) printed to f816_t25_sim.treefile
[Alignment Simulator] Executing
 - Tree filepath: f816_t25_sim.treefile
 - Length of output sequences: 6000
 - Model: MIX{GTR{1/1/1/1/1}+F{0.309529211698709/0.418229923187341/0.235490512866346/0.0367503522476021}:1:0.124183518628156,GTR{1/1/1/1/1}+F{0.519350722988487/0.184709059115994/0.0273003015230249/0.268639916372493}:1:0.221112885090274,GTR{1/1/1/1/1}+F{0.303751358391357/0.166339360039713/0.258173572992136/0.271735708576792}:1:0.0450096319404816,GTR{1/1/1/1/1}+F{0.468533217345704/0.240501663884772/0.162871851183594/0.128093267585929}:1:0.353197550834265,GTR{1/1/1/1/1}+F{0.148371402409734/0.0642396683681967/0.199299381015748/0.58808954820632}:1:0.0193075849723181,GTR{1/1/1/1/1}+F{0.0584850368700102/0.290959878697858/0.0671257439047858/0.583429340527345}:1:0.237188828534503}
 - Number of output datasets: 1
SUBSTITUTION PROCESS
--------------------

Mixture model of substitution: MIX{GTR+FU,GTR+FU,GTR+FU,GTR+FU,GTR+FU,GTR+FU}

  No  Component      Rate    Weight   Parameters
   1  GTR           1.000    0.124    GTR{1,1,1,1,1}+FU{0.309529,0.41823,0.235491,0.0367504}
   2  GTR           1.000    0.221    GTR{1,1,1,1,1}+FU{0.519351,0.184709,0.0273003,0.26864}
   3  GTR           1.000    0.045    GTR{1,1,1,1,1}+FU{0.303751,0.166339,0.258174,0.271736}
   4  GTR           1.000    0.353    GTR{1,1,1,1,1}+FU{0.468533,0.240502,0.162872,0.128093}
   5  GTR           1.000    0.019    GTR{1,1,1,1,1}+FU{0.148371,0.0642397,0.199299,0.58809}
   6  GTR           1.000    0.237    GTR{1,1,1,1,1}+FU{0.058485,0.29096,0.0671257,0.583429}

Model of rate heterogeneity: Uniform

[Alignment Simulator] Done
Simulation time: 0.018s
Date and Time: Thu Apr 11 09:35:46 2024
